1 }
2     }
3         SYSTEM.OUT.PRINTLN(BUFFEREDINPUTFILE.READ("PRACTICE7.OUT"));
4         OUT.CLOSE();
5         }
6             OUT.PRINTLN(LINECOUNT++ + " " + S1);
7         FOR (STRING S1 : LIST) {
8         PRINTWRITER OUT = NEW PRINTWRITER("PRACTICE7.OUT");
9         INT LINECOUNT = 1;
10 
11         COLLECTIONS.REVERSE(LIST);
12         IN.CLOSE();
13         }
14             LIST.ADD(S);
15             S = S.TOUPPERCASE();
16         WHILE((S = IN.READLINE()) != NULL) {
17         STRING S;
18         LIST<STRING> LIST = NEW LINKEDLIST<>();
19         BUFFEREDREADER IN = NEW BUFFEREDREADER(NEW FILEREADER(ARGS[0]));
20     PUBLIC STATIC VOID MAIN(STRING[] ARGS) THROWS IOEXCEPTION {
21 PUBLIC CLASS PRACTICE7 {
22 IMPORT JAVA.UTIL.*;
23 IMPORT JAVA.IO.*;
24 
25 PACKAGE CHAPTER18_IO;
